{"/Users/adetunjishennaike/Desktop/Lambda_School_Work/Sprint-Challenge--Testing/routes/gameRoute.js": {"path":"/Users/adetunjishennaike/Desktop/Lambda_School_Work/Sprint-Challenge--Testing/routes/gameRoute.js","statementMap":{"0":{"start":{"line":1,"column":16},"end":{"line":1,"column":34}},"1":{"start":{"line":2,"column":15},"end":{"line":2,"column":31}},"2":{"start":{"line":4,"column":14},"end":{"line":4,"column":49}},"3":{"start":{"line":7,"column":17},"end":{"line":9,"column":1}},"4":{"start":{"line":8,"column":2},"end":{"line":8,"column":43}},"5":{"start":{"line":13,"column":0},"end":{"line":22,"column":2}},"6":{"start":{"line":14,"column":2},"end":{"line":21,"column":4}},"7":{"start":{"line":17,"column":4},"end":{"line":17,"column":36}},"8":{"start":{"line":20,"column":4},"end":{"line":20,"column":33}},"9":{"start":{"line":25,"column":0},"end":{"line":42,"column":2}},"10":{"start":{"line":27,"column":13},"end":{"line":27,"column":26}},"11":{"start":{"line":29,"column":2},"end":{"line":41,"column":4}},"12":{"start":{"line":32,"column":4},"end":{"line":37,"column":5}},"13":{"start":{"line":33,"column":6},"end":{"line":33,"column":31}},"14":{"start":{"line":36,"column":6},"end":{"line":36,"column":45}},"15":{"start":{"line":40,"column":4},"end":{"line":40,"column":33}},"16":{"start":{"line":45,"column":0},"end":{"line":62,"column":2}},"17":{"start":{"line":47,"column":34},"end":{"line":47,"column":42}},"18":{"start":{"line":48,"column":19},"end":{"line":48,"column":42}},"19":{"start":{"line":51,"column":2},"end":{"line":53,"column":3}},"20":{"start":{"line":52,"column":4},"end":{"line":52,"column":71}},"21":{"start":{"line":54,"column":2},"end":{"line":61,"column":4}},"22":{"start":{"line":57,"column":4},"end":{"line":57,"column":36}},"23":{"start":{"line":60,"column":4},"end":{"line":60,"column":34}},"24":{"start":{"line":65,"column":0},"end":{"line":90,"column":2}},"25":{"start":{"line":67,"column":13},"end":{"line":67,"column":26}},"26":{"start":{"line":70,"column":34},"end":{"line":70,"column":42}},"27":{"start":{"line":71,"column":19},"end":{"line":71,"column":42}},"28":{"start":{"line":74,"column":2},"end":{"line":76,"column":3}},"29":{"start":{"line":75,"column":4},"end":{"line":75,"column":71}},"30":{"start":{"line":77,"column":2},"end":{"line":89,"column":4}},"31":{"start":{"line":80,"column":4},"end":{"line":85,"column":5}},"32":{"start":{"line":81,"column":4},"end":{"line":81,"column":29}},"33":{"start":{"line":84,"column":6},"end":{"line":84,"column":45}},"34":{"start":{"line":88,"column":4},"end":{"line":88,"column":34}},"35":{"start":{"line":92,"column":0},"end":{"line":116,"column":2}},"36":{"start":{"line":94,"column":13},"end":{"line":94,"column":26}},"37":{"start":{"line":96,"column":2},"end":{"line":115,"column":4}},"38":{"start":{"line":99,"column":4},"end":{"line":111,"column":5}},"39":{"start":{"line":100,"column":6},"end":{"line":100,"column":31}},"40":{"start":{"line":103,"column":6},"end":{"line":110,"column":8}},"41":{"start":{"line":106,"column":10},"end":{"line":106,"column":49}},"42":{"start":{"line":109,"column":8},"end":{"line":109,"column":37}},"43":{"start":{"line":114,"column":4},"end":{"line":114,"column":33}},"44":{"start":{"line":119,"column":0},"end":{"line":119,"column":24}}},"fnMap":{"0":{"name":"(anonymous_0)","decl":{"start":{"line":7,"column":17},"end":{"line":7,"column":18}},"loc":{"start":{"line":7,"column":36},"end":{"line":9,"column":1}},"line":7},"1":{"name":"(anonymous_1)","decl":{"start":{"line":13,"column":16},"end":{"line":13,"column":17}},"loc":{"start":{"line":13,"column":30},"end":{"line":22,"column":1}},"line":13},"2":{"name":"(anonymous_2)","decl":{"start":{"line":16,"column":9},"end":{"line":16,"column":10}},"loc":{"start":{"line":16,"column":18},"end":{"line":18,"column":3}},"line":16},"3":{"name":"(anonymous_3)","decl":{"start":{"line":19,"column":10},"end":{"line":19,"column":11}},"loc":{"start":{"line":19,"column":17},"end":{"line":21,"column":3}},"line":19},"4":{"name":"(anonymous_4)","decl":{"start":{"line":25,"column":19},"end":{"line":25,"column":20}},"loc":{"start":{"line":25,"column":33},"end":{"line":42,"column":1}},"line":25},"5":{"name":"(anonymous_5)","decl":{"start":{"line":31,"column":9},"end":{"line":31,"column":10}},"loc":{"start":{"line":31,"column":18},"end":{"line":38,"column":3}},"line":31},"6":{"name":"(anonymous_6)","decl":{"start":{"line":39,"column":10},"end":{"line":39,"column":11}},"loc":{"start":{"line":39,"column":17},"end":{"line":41,"column":3}},"line":39},"7":{"name":"(anonymous_7)","decl":{"start":{"line":45,"column":17},"end":{"line":45,"column":18}},"loc":{"start":{"line":45,"column":31},"end":{"line":62,"column":1}},"line":45},"8":{"name":"(anonymous_8)","decl":{"start":{"line":56,"column":9},"end":{"line":56,"column":10}},"loc":{"start":{"line":56,"column":18},"end":{"line":58,"column":3}},"line":56},"9":{"name":"(anonymous_9)","decl":{"start":{"line":59,"column":10},"end":{"line":59,"column":11}},"loc":{"start":{"line":59,"column":17},"end":{"line":61,"column":3}},"line":59},"10":{"name":"(anonymous_10)","decl":{"start":{"line":65,"column":19},"end":{"line":65,"column":20}},"loc":{"start":{"line":65,"column":33},"end":{"line":90,"column":1}},"line":65},"11":{"name":"(anonymous_11)","decl":{"start":{"line":79,"column":9},"end":{"line":79,"column":10}},"loc":{"start":{"line":79,"column":18},"end":{"line":86,"column":3}},"line":79},"12":{"name":"(anonymous_12)","decl":{"start":{"line":87,"column":10},"end":{"line":87,"column":11}},"loc":{"start":{"line":87,"column":17},"end":{"line":89,"column":3}},"line":87},"13":{"name":"(anonymous_13)","decl":{"start":{"line":92,"column":22},"end":{"line":92,"column":23}},"loc":{"start":{"line":92,"column":36},"end":{"line":116,"column":1}},"line":92},"14":{"name":"(anonymous_14)","decl":{"start":{"line":98,"column":9},"end":{"line":98,"column":10}},"loc":{"start":{"line":98,"column":18},"end":{"line":112,"column":3}},"line":98},"15":{"name":"(anonymous_15)","decl":{"start":{"line":105,"column":13},"end":{"line":105,"column":14}},"loc":{"start":{"line":105,"column":24},"end":{"line":107,"column":7}},"line":105},"16":{"name":"(anonymous_16)","decl":{"start":{"line":108,"column":14},"end":{"line":108,"column":15}},"loc":{"start":{"line":108,"column":21},"end":{"line":110,"column":7}},"line":108},"17":{"name":"(anonymous_17)","decl":{"start":{"line":113,"column":10},"end":{"line":113,"column":11}},"loc":{"start":{"line":113,"column":17},"end":{"line":115,"column":3}},"line":113}},"branchMap":{"0":{"loc":{"start":{"line":32,"column":4},"end":{"line":37,"column":5}},"type":"if","locations":[{"start":{"line":32,"column":4},"end":{"line":37,"column":5}},{"start":{"line":32,"column":4},"end":{"line":37,"column":5}}],"line":32},"1":{"loc":{"start":{"line":51,"column":2},"end":{"line":53,"column":3}},"type":"if","locations":[{"start":{"line":51,"column":2},"end":{"line":53,"column":3}},{"start":{"line":51,"column":2},"end":{"line":53,"column":3}}],"line":51},"2":{"loc":{"start":{"line":51,"column":7},"end":{"line":51,"column":33}},"type":"binary-expr","locations":[{"start":{"line":51,"column":7},"end":{"line":51,"column":13}},{"start":{"line":51,"column":17},"end":{"line":51,"column":22}},{"start":{"line":51,"column":26},"end":{"line":51,"column":33}}],"line":51},"3":{"loc":{"start":{"line":74,"column":2},"end":{"line":76,"column":3}},"type":"if","locations":[{"start":{"line":74,"column":2},"end":{"line":76,"column":3}},{"start":{"line":74,"column":2},"end":{"line":76,"column":3}}],"line":74},"4":{"loc":{"start":{"line":74,"column":7},"end":{"line":74,"column":33}},"type":"binary-expr","locations":[{"start":{"line":74,"column":7},"end":{"line":74,"column":13}},{"start":{"line":74,"column":17},"end":{"line":74,"column":22}},{"start":{"line":74,"column":26},"end":{"line":74,"column":33}}],"line":74},"5":{"loc":{"start":{"line":80,"column":4},"end":{"line":85,"column":5}},"type":"if","locations":[{"start":{"line":80,"column":4},"end":{"line":85,"column":5}},{"start":{"line":80,"column":4},"end":{"line":85,"column":5}}],"line":80},"6":{"loc":{"start":{"line":99,"column":4},"end":{"line":111,"column":5}},"type":"if","locations":[{"start":{"line":99,"column":4},"end":{"line":111,"column":5}},{"start":{"line":99,"column":4},"end":{"line":111,"column":5}}],"line":99}},"s":{"0":1,"1":1,"2":1,"3":1,"4":1,"5":1,"6":11,"7":11,"8":0,"9":1,"10":0,"11":0,"12":0,"13":0,"14":0,"15":0,"16":1,"17":3,"18":3,"19":3,"20":1,"21":2,"22":0,"23":2,"24":1,"25":0,"26":0,"27":0,"28":0,"29":0,"30":0,"31":0,"32":0,"33":0,"34":0,"35":1,"36":0,"37":0,"38":0,"39":0,"40":0,"41":0,"42":0,"43":0,"44":1},"f":{"0":1,"1":11,"2":11,"3":0,"4":0,"5":0,"6":0,"7":3,"8":0,"9":2,"10":0,"11":0,"12":0,"13":0,"14":0,"15":0,"16":0,"17":0},"b":{"0":[0,0],"1":[1,2],"2":[3,2,2],"3":[0,0],"4":[0,0,0],"5":[0,0],"6":[0,0]},"_coverageSchema":"332fd63041d2c1bcb487cc26dd0d5f7d97098a6c","hash":"b2f1e7f0b53a47cfb7e3724f06927448c0614f74"}
}
