TN:
SF:/Users/adetunjishennaike/Desktop/Lambda_School_Work/Sprint-Challenge--Testing/routes/gameRoute.js
FN:7,(anonymous_0)
FN:13,(anonymous_1)
FN:16,(anonymous_2)
FN:19,(anonymous_3)
FN:25,(anonymous_4)
FN:31,(anonymous_5)
FN:39,(anonymous_6)
FN:45,(anonymous_7)
FN:56,(anonymous_8)
FN:59,(anonymous_9)
FN:65,(anonymous_10)
FN:79,(anonymous_11)
FN:87,(anonymous_12)
FN:92,(anonymous_13)
FN:98,(anonymous_14)
FN:105,(anonymous_15)
FN:108,(anonymous_16)
FN:113,(anonymous_17)
FNF:18
FNH:5
FNDA:1,(anonymous_0)
FNDA:11,(anonymous_1)
FNDA:11,(anonymous_2)
FNDA:0,(anonymous_3)
FNDA:0,(anonymous_4)
FNDA:0,(anonymous_5)
FNDA:0,(anonymous_6)
FNDA:3,(anonymous_7)
FNDA:0,(anonymous_8)
FNDA:2,(anonymous_9)
FNDA:0,(anonymous_10)
FNDA:0,(anonymous_11)
FNDA:0,(anonymous_12)
FNDA:0,(anonymous_13)
FNDA:0,(anonymous_14)
FNDA:0,(anonymous_15)
FNDA:0,(anonymous_16)
FNDA:0,(anonymous_17)
DA:1,1
DA:2,1
DA:4,1
DA:7,1
DA:8,1
DA:13,1
DA:14,11
DA:17,11
DA:20,0
DA:25,1
DA:27,0
DA:29,0
DA:32,0
DA:33,0
DA:36,0
DA:40,0
DA:45,1
DA:47,3
DA:48,3
DA:51,3
DA:52,1
DA:54,2
DA:57,0
DA:60,2
DA:65,1
DA:67,0
DA:70,0
DA:71,0
DA:74,0
DA:75,0
DA:77,0
DA:80,0
DA:81,0
DA:84,0
DA:88,0
DA:92,1
DA:94,0
DA:96,0
DA:99,0
DA:100,0
DA:103,0
DA:106,0
DA:109,0
DA:114,0
DA:119,1
LF:45
LH:19
BRDA:32,0,0,0
BRDA:32,0,1,0
BRDA:51,1,0,1
BRDA:51,1,1,2
BRDA:51,2,0,3
BRDA:51,2,1,2
BRDA:51,2,2,2
BRDA:74,3,0,0
BRDA:74,3,1,0
BRDA:74,4,0,0
BRDA:74,4,1,0
BRDA:74,4,2,0
BRDA:80,5,0,0
BRDA:80,5,1,0
BRDA:99,6,0,0
BRDA:99,6,1,0
BRF:16
BRH:5
end_of_record
